/home/theld/miniconda3/lib/python3.12/argparse.py:2005: FutureWarning: `remote_definition` is deprecated and will be removed in 25.9. Use `conda env create --file=URL` instead.
  action(self, namespace, argument_values, option_string)
/home/theld/miniconda3/lib/python3.12/site-packages/conda/base/context.py:198: FutureWarning: Adding 'defaults' to channel list implicitly is deprecated and will be removed in 25.3. 

To remove this warning, please choose a default channel explicitly with conda's regular configuration system, e.g. by adding 'defaults' to the list of channels:

  conda config --add channels defaults

For more information see https://docs.conda.io/projects/conda/en/stable/user-guide/configuration/use-condarc.html

  deprecated.topic(
/home/theld/miniconda3/lib/python3.12/site-packages/conda/base/context.py:198: FutureWarning: Adding 'defaults' to channel list implicitly is deprecated and will be removed in 25.3. 

To remove this warning, please choose a default channel explicitly with conda's regular configuration system, e.g. by adding 'defaults' to the list of channels:

  conda config --add channels defaults

For more information see https://docs.conda.io/projects/conda/en/stable/user-guide/configuration/use-condarc.html

  deprecated.topic(
Channels:
 - defaults
 - conda-forge
Platform: linux-64
Collecting package metadata (repodata.json): ...working... done
Solving environment: ...working... done

Downloading and Extracting Packages: ...working... done
Preparing transaction: ...working... done
Verifying transaction: ...working... done
Executing transaction: ...working... done
Installing pip dependencies: ...working... Ran pip subprocess with arguments:
['/home/theld/miniconda3/envs/mini_conda_02/bin/python', '-m', 'pip', 'install', '-U', '-r', '/home/theld/code/git_repos/feedback_portal/admin/condaenv.5p3gxgh_.requirements.txt', '--exists-action=b']
Pip subprocess output:
Collecting file-read-backwards (from -r /home/theld/code/git_repos/feedback_portal/admin/condaenv.5p3gxgh_.requirements.txt (line 1))
  Using cached file_read_backwards-3.2.0-py2.py3-none-any.whl.metadata (4.3 kB)
Collecting Flask-Migrate (from -r /home/theld/code/git_repos/feedback_portal/admin/condaenv.5p3gxgh_.requirements.txt (line 2))
  Using cached Flask_Migrate-4.1.0-py3-none-any.whl.metadata (3.3 kB)
Collecting flask-mail (from -r /home/theld/code/git_repos/feedback_portal/admin/condaenv.5p3gxgh_.requirements.txt (line 3))
  Using cached flask_mail-0.10.0-py3-none-any.whl.metadata (2.1 kB)
Collecting geoalchemy2 (from -r /home/theld/code/git_repos/feedback_portal/admin/condaenv.5p3gxgh_.requirements.txt (line 4))
  Using cached geoalchemy2-0.18.0-py3-none-any.whl.metadata (2.3 kB)
Collecting mkdocs (from -r /home/theld/code/git_repos/feedback_portal/admin/condaenv.5p3gxgh_.requirements.txt (line 5))
  Using cached mkdocs-1.6.1-py3-none-any.whl.metadata (6.0 kB)
Collecting mkdocs-gen-files (from -r /home/theld/code/git_repos/feedback_portal/admin/condaenv.5p3gxgh_.requirements.txt (line 6))
  Using cached mkdocs_gen_files-0.5.0-py3-none-any.whl.metadata (2.9 kB)
Collecting mkdocs-git-committers-plugin (from -r /home/theld/code/git_repos/feedback_portal/admin/condaenv.5p3gxgh_.requirements.txt (line 7))
  Using cached mkdocs_git_committers_plugin-0.2.3-py3-none-any.whl.metadata (1.0 kB)
Collecting mkdocs-git-revision-date-localized-plugin (from -r /home/theld/code/git_repos/feedback_portal/admin/condaenv.5p3gxgh_.requirements.txt (line 8))
  Using cached mkdocs_git_revision_date_localized_plugin-1.4.7-py3-none-any.whl.metadata (5.8 kB)
Collecting mkdocs-literate-nav (from -r /home/theld/code/git_repos/feedback_portal/admin/condaenv.5p3gxgh_.requirements.txt (line 9))
  Using cached mkdocs_literate_nav-0.6.2-py3-none-any.whl.metadata (15 kB)
Collecting mkdocs-material (from -r /home/theld/code/git_repos/feedback_portal/admin/condaenv.5p3gxgh_.requirements.txt (line 10))
  Using cached mkdocs_material-9.6.16-py3-none-any.whl.metadata (19 kB)
Collecting pdoc (from -r /home/theld/code/git_repos/feedback_portal/admin/condaenv.5p3gxgh_.requirements.txt (line 12))
  Using cached pdoc-15.0.4-py3-none-any.whl.metadata (6.8 kB)
Collecting pytest (from -r /home/theld/code/git_repos/feedback_portal/admin/condaenv.5p3gxgh_.requirements.txt (line 13))
  Using cached pytest-8.4.1-py3-none-any.whl.metadata (7.7 kB)
Collecting pytest-asyncio (from -r /home/theld/code/git_repos/feedback_portal/admin/condaenv.5p3gxgh_.requirements.txt (line 14))
  Using cached pytest_asyncio-1.1.0-py3-none-any.whl.metadata (4.1 kB)
Collecting wget (from -r /home/theld/code/git_repos/feedback_portal/admin/condaenv.5p3gxgh_.requirements.txt (line 15))
  Using cached wget-3.2-py3-none-any.whl
Collecting WTForms-Alchemy (from -r /home/theld/code/git_repos/feedback_portal/admin/condaenv.5p3gxgh_.requirements.txt (line 16))
  Using cached WTForms_Alchemy-0.19.0-py3-none-any.whl.metadata (2.6 kB)
Requirement already satisfied: email_validator in /home/theld/miniconda3/envs/mini_conda_02/lib/python3.11/site-packages (from -r /home/theld/code/git_repos/feedback_portal/admin/condaenv.5p3gxgh_.requirements.txt (line 17)) (1.2.1)
Collecting email_validator (from -r /home/theld/code/git_repos/feedback_portal/admin/condaenv.5p3gxgh_.requirements.txt (line 17))
  Using cached email_validator-2.2.0-py3-none-any.whl.metadata (25 kB)
Requirement already satisfied: requests in /home/theld/miniconda3/envs/mini_conda_02/lib/python3.11/site-packages (from -r /home/theld/code/git_repos/feedback_portal/admin/condaenv.5p3gxgh_.requirements.txt (line 18)) (2.32.4)
Collecting playwright (from -r /home/theld/code/git_repos/feedback_portal/admin/condaenv.5p3gxgh_.requirements.txt (line 19))
  Using cached playwright-1.54.0-py3-none-manylinux1_x86_64.whl.metadata (3.5 kB)
Collecting pytest-playwright (from -r /home/theld/code/git_repos/feedback_portal/admin/condaenv.5p3gxgh_.requirements.txt (line 20))
  Using cached pytest_playwright-0.7.0-py3-none-any.whl.metadata (14 kB)
Collecting mkdocstrings[python] (from -r /home/theld/code/git_repos/feedback_portal/admin/condaenv.5p3gxgh_.requirements.txt (line 11))
  Using cached mkdocstrings-0.30.0-py3-none-any.whl.metadata (8.3 kB)
Requirement already satisfied: Flask>=0.9 in /home/theld/miniconda3/envs/mini_conda_02/lib/python3.11/site-packages (from Flask-Migrate->-r /home/theld/code/git_repos/feedback_portal/admin/condaenv.5p3gxgh_.requirements.txt (line 2)) (3.1.0)
Requirement already satisfied: Flask-SQLAlchemy>=1.0 in /home/theld/miniconda3/envs/mini_conda_02/lib/python3.11/site-packages (from Flask-Migrate->-r /home/theld/code/git_repos/feedback_portal/admin/condaenv.5p3gxgh_.requirements.txt (line 2)) (3.1.1)
Collecting alembic>=1.9.0 (from Flask-Migrate->-r /home/theld/code/git_repos/feedback_portal/admin/condaenv.5p3gxgh_.requirements.txt (line 2))
  Using cached alembic-1.16.4-py3-none-any.whl.metadata (7.3 kB)
Requirement already satisfied: blinker in /home/theld/miniconda3/envs/mini_conda_02/lib/python3.11/site-packages (from flask-mail->-r /home/theld/code/git_repos/feedback_portal/admin/condaenv.5p3gxgh_.requirements.txt (line 3)) (1.9.0)
Requirement already satisfied: SQLAlchemy>=1.4 in /home/theld/miniconda3/envs/mini_conda_02/lib/python3.11/site-packages (from geoalchemy2->-r /home/theld/code/git_repos/feedback_portal/admin/condaenv.5p3gxgh_.requirements.txt (line 4)) (2.0.41)
Requirement already satisfied: packaging in /home/theld/miniconda3/envs/mini_conda_02/lib/python3.11/site-packages (from geoalchemy2->-r /home/theld/code/git_repos/feedback_portal/admin/condaenv.5p3gxgh_.requirements.txt (line 4)) (24.2)
Requirement already satisfied: click>=7.0 in /home/theld/miniconda3/envs/mini_conda_02/lib/python3.11/site-packages (from mkdocs->-r /home/theld/code/git_repos/feedback_portal/admin/condaenv.5p3gxgh_.requirements.txt (line 5)) (8.1.8)
Collecting ghp-import>=1.0 (from mkdocs->-r /home/theld/code/git_repos/feedback_portal/admin/condaenv.5p3gxgh_.requirements.txt (line 5))
  Using cached ghp_import-2.1.0-py3-none-any.whl.metadata (7.2 kB)
Requirement already satisfied: jinja2>=2.11.1 in /home/theld/miniconda3/envs/mini_conda_02/lib/python3.11/site-packages (from mkdocs->-r /home/theld/code/git_repos/feedback_portal/admin/condaenv.5p3gxgh_.requirements.txt (line 5)) (3.1.6)
Collecting markdown>=3.3.6 (from mkdocs->-r /home/theld/code/git_repos/feedback_portal/admin/condaenv.5p3gxgh_.requirements.txt (line 5))
  Using cached markdown-3.8.2-py3-none-any.whl.metadata (5.1 kB)
Requirement already satisfied: markupsafe>=2.0.1 in /home/theld/miniconda3/envs/mini_conda_02/lib/python3.11/site-packages (from mkdocs->-r /home/theld/code/git_repos/feedback_portal/admin/condaenv.5p3gxgh_.requirements.txt (line 5)) (3.0.2)
Collecting mergedeep>=1.3.4 (from mkdocs->-r /home/theld/code/git_repos/feedback_portal/admin/condaenv.5p3gxgh_.requirements.txt (line 5))
  Using cached mergedeep-1.3.4-py3-none-any.whl.metadata (4.3 kB)
Collecting mkdocs-get-deps>=0.2.0 (from mkdocs->-r /home/theld/code/git_repos/feedback_portal/admin/condaenv.5p3gxgh_.requirements.txt (line 5))
  Using cached mkdocs_get_deps-0.2.0-py3-none-any.whl.metadata (4.0 kB)
Collecting pathspec>=0.11.1 (from mkdocs->-r /home/theld/code/git_repos/feedback_portal/admin/condaenv.5p3gxgh_.requirements.txt (line 5))
  Using cached pathspec-0.12.1-py3-none-any.whl.metadata (21 kB)
Collecting pyyaml-env-tag>=0.1 (from mkdocs->-r /home/theld/code/git_repos/feedback_portal/admin/condaenv.5p3gxgh_.requirements.txt (line 5))
  Using cached pyyaml_env_tag-1.1-py3-none-any.whl.metadata (5.5 kB)
Requirement already satisfied: pyyaml>=5.1 in /home/theld/miniconda3/envs/mini_conda_02/lib/python3.11/site-packages (from mkdocs->-r /home/theld/code/git_repos/feedback_portal/admin/condaenv.5p3gxgh_.requirements.txt (line 5)) (6.0.2)
Collecting watchdog>=2.0 (from mkdocs->-r /home/theld/code/git_repos/feedback_portal/admin/condaenv.5p3gxgh_.requirements.txt (line 5))
  Using cached watchdog-6.0.0-py3-none-manylinux2014_x86_64.whl.metadata (44 kB)
Collecting PyGithub>=1.43 (from mkdocs-git-committers-plugin->-r /home/theld/code/git_repos/feedback_portal/admin/condaenv.5p3gxgh_.requirements.txt (line 7))
  Using cached PyGithub-2.6.1-py3-none-any.whl.metadata (3.9 kB)
Requirement already satisfied: babel>=2.7.0 in /home/theld/miniconda3/envs/mini_conda_02/lib/python3.11/site-packages (from mkdocs-git-revision-date-localized-plugin->-r /home/theld/code/git_repos/feedback_portal/admin/condaenv.5p3gxgh_.requirements.txt (line 8)) (2.16.0)
Collecting gitpython>=3.1.44 (from mkdocs-git-revision-date-localized-plugin->-r /home/theld/code/git_repos/feedback_portal/admin/condaenv.5p3gxgh_.requirements.txt (line 8))
  Using cached gitpython-3.1.45-py3-none-any.whl.metadata (13 kB)
Requirement already satisfied: pytz>=2025.1 in /home/theld/miniconda3/envs/mini_conda_02/lib/python3.11/site-packages (from mkdocs-git-revision-date-localized-plugin->-r /home/theld/code/git_repos/feedback_portal/admin/condaenv.5p3gxgh_.requirements.txt (line 8)) (2025.2)
Collecting backrefs~=5.7.post1 (from mkdocs-material->-r /home/theld/code/git_repos/feedback_portal/admin/condaenv.5p3gxgh_.requirements.txt (line 10))
  Using cached backrefs-5.9-py311-none-any.whl.metadata (3.2 kB)
Collecting colorama~=0.4 (from mkdocs-material->-r /home/theld/code/git_repos/feedback_portal/admin/condaenv.5p3gxgh_.requirements.txt (line 10))
  Using cached colorama-0.4.6-py2.py3-none-any.whl.metadata (17 kB)
Collecting mkdocs-material-extensions~=1.3 (from mkdocs-material->-r /home/theld/code/git_repos/feedback_portal/admin/condaenv.5p3gxgh_.requirements.txt (line 10))
  Using cached mkdocs_material_extensions-1.3.1-py3-none-any.whl.metadata (6.9 kB)
Collecting paginate~=0.5 (from mkdocs-material->-r /home/theld/code/git_repos/feedback_portal/admin/condaenv.5p3gxgh_.requirements.txt (line 10))
  Using cached paginate-0.5.7-py2.py3-none-any.whl.metadata (11 kB)
Requirement already satisfied: pygments~=2.16 in /home/theld/miniconda3/envs/mini_conda_02/lib/python3.11/site-packages (from mkdocs-material->-r /home/theld/code/git_repos/feedback_portal/admin/condaenv.5p3gxgh_.requirements.txt (line 10)) (2.19.1)
Collecting pymdown-extensions~=10.2 (from mkdocs-material->-r /home/theld/code/git_repos/feedback_portal/admin/condaenv.5p3gxgh_.requirements.txt (line 10))
  Using cached pymdown_extensions-10.16.1-py3-none-any.whl.metadata (3.1 kB)
Requirement already satisfied: charset_normalizer<4,>=2 in /home/theld/miniconda3/envs/mini_conda_02/lib/python3.11/site-packages (from requests->-r /home/theld/code/git_repos/feedback_portal/admin/condaenv.5p3gxgh_.requirements.txt (line 18)) (3.3.2)
Requirement already satisfied: idna<4,>=2.5 in /home/theld/miniconda3/envs/mini_conda_02/lib/python3.11/site-packages (from requests->-r /home/theld/code/git_repos/feedback_portal/admin/condaenv.5p3gxgh_.requirements.txt (line 18)) (3.7)
Requirement already satisfied: urllib3<3,>=1.21.1 in /home/theld/miniconda3/envs/mini_conda_02/lib/python3.11/site-packages (from requests->-r /home/theld/code/git_repos/feedback_portal/admin/condaenv.5p3gxgh_.requirements.txt (line 18)) (2.5.0)
Requirement already satisfied: certifi>=2017.4.17 in /home/theld/miniconda3/envs/mini_conda_02/lib/python3.11/site-packages (from requests->-r /home/theld/code/git_repos/feedback_portal/admin/condaenv.5p3gxgh_.requirements.txt (line 18)) (2025.7.14)
Collecting mkdocs-autorefs>=1.4 (from mkdocstrings[python]->-r /home/theld/code/git_repos/feedback_portal/admin/condaenv.5p3gxgh_.requirements.txt (line 11))
  Using cached mkdocs_autorefs-1.4.2-py3-none-any.whl.metadata (13 kB)
Collecting mkdocstrings-python>=1.16.2 (from mkdocstrings[python]->-r /home/theld/code/git_repos/feedback_portal/admin/condaenv.5p3gxgh_.requirements.txt (line 11))
  Using cached mkdocstrings_python-1.16.12-py3-none-any.whl.metadata (5.6 kB)
Collecting iniconfig>=1 (from pytest->-r /home/theld/code/git_repos/feedback_portal/admin/condaenv.5p3gxgh_.requirements.txt (line 13))
  Using cached iniconfig-2.1.0-py3-none-any.whl.metadata (2.7 kB)
Collecting pluggy<2,>=1.5 (from pytest->-r /home/theld/code/git_repos/feedback_portal/admin/condaenv.5p3gxgh_.requirements.txt (line 13))
  Using cached pluggy-1.6.0-py3-none-any.whl.metadata (4.8 kB)
Requirement already satisfied: WTForms>=3.1.0 in /home/theld/miniconda3/envs/mini_conda_02/lib/python3.11/site-packages (from WTForms-Alchemy->-r /home/theld/code/git_repos/feedback_portal/admin/condaenv.5p3gxgh_.requirements.txt (line 16)) (3.1.2)
Collecting WTForms-Components>=0.11.0 (from WTForms-Alchemy->-r /home/theld/code/git_repos/feedback_portal/admin/condaenv.5p3gxgh_.requirements.txt (line 16))
  Using cached WTForms_Components-0.11.0-py2.py3-none-any.whl.metadata (1.8 kB)
Requirement already satisfied: SQLAlchemy-Utils>=0.40.0 in /home/theld/miniconda3/envs/mini_conda_02/lib/python3.11/site-packages (from WTForms-Alchemy->-r /home/theld/code/git_repos/feedback_portal/admin/condaenv.5p3gxgh_.requirements.txt (line 16)) (0.41.2)
Requirement already satisfied: dnspython>=2.0.0 in /home/theld/miniconda3/envs/mini_conda_02/lib/python3.11/site-packages (from email_validator->-r /home/theld/code/git_repos/feedback_portal/admin/condaenv.5p3gxgh_.requirements.txt (line 17)) (2.4.2)
Collecting pyee<14,>=13 (from playwright->-r /home/theld/code/git_repos/feedback_portal/admin/condaenv.5p3gxgh_.requirements.txt (line 19))
  Using cached pyee-13.0.0-py3-none-any.whl.metadata (2.9 kB)
Requirement already satisfied: greenlet<4.0.0,>=3.1.1 in /home/theld/miniconda3/envs/mini_conda_02/lib/python3.11/site-packages (from playwright->-r /home/theld/code/git_repos/feedback_portal/admin/condaenv.5p3gxgh_.requirements.txt (line 19)) (3.1.1)
Requirement already satisfied: typing-extensions in /home/theld/miniconda3/envs/mini_conda_02/lib/python3.11/site-packages (from pyee<14,>=13->playwright->-r /home/theld/code/git_repos/feedback_portal/admin/condaenv.5p3gxgh_.requirements.txt (line 19)) (4.12.2)
Collecting pytest-base-url<3.0.0,>=1.0.0 (from pytest-playwright->-r /home/theld/code/git_repos/feedback_portal/admin/condaenv.5p3gxgh_.requirements.txt (line 20))
  Using cached pytest_base_url-2.1.0-py3-none-any.whl.metadata (6.6 kB)
Collecting python-slugify<9.0.0,>=6.0.0 (from pytest-playwright->-r /home/theld/code/git_repos/feedback_portal/admin/condaenv.5p3gxgh_.requirements.txt (line 20))
  Using cached python_slugify-8.0.4-py2.py3-none-any.whl.metadata (8.5 kB)
Collecting text-unidecode>=1.3 (from python-slugify<9.0.0,>=6.0.0->pytest-playwright->-r /home/theld/code/git_repos/feedback_portal/admin/condaenv.5p3gxgh_.requirements.txt (line 20))
  Using cached text_unidecode-1.3-py2.py3-none-any.whl.metadata (2.4 kB)
Collecting Mako (from alembic>=1.9.0->Flask-Migrate->-r /home/theld/code/git_repos/feedback_portal/admin/condaenv.5p3gxgh_.requirements.txt (line 2))
  Using cached mako-1.3.10-py3-none-any.whl.metadata (2.9 kB)
Requirement already satisfied: Werkzeug>=3.1 in /home/theld/miniconda3/envs/mini_conda_02/lib/python3.11/site-packages (from Flask>=0.9->Flask-Migrate->-r /home/theld/code/git_repos/feedback_portal/admin/condaenv.5p3gxgh_.requirements.txt (line 2)) (3.1.3)
Requirement already satisfied: itsdangerous>=2.2 in /home/theld/miniconda3/envs/mini_conda_02/lib/python3.11/site-packages (from Flask>=0.9->Flask-Migrate->-r /home/theld/code/git_repos/feedback_portal/admin/condaenv.5p3gxgh_.requirements.txt (line 2)) (2.2.0)
Requirement already satisfied: python-dateutil>=2.8.1 in /home/theld/miniconda3/envs/mini_conda_02/lib/python3.11/site-packages (from ghp-import>=1.0->mkdocs->-r /home/theld/code/git_repos/feedback_portal/admin/condaenv.5p3gxgh_.requirements.txt (line 5)) (2.9.0.post0)
Collecting gitdb<5,>=4.0.1 (from gitpython>=3.1.44->mkdocs-git-revision-date-localized-plugin->-r /home/theld/code/git_repos/feedback_portal/admin/condaenv.5p3gxgh_.requirements.txt (line 8))
  Using cached gitdb-4.0.12-py3-none-any.whl.metadata (1.2 kB)
Collecting smmap<6,>=3.0.1 (from gitdb<5,>=4.0.1->gitpython>=3.1.44->mkdocs-git-revision-date-localized-plugin->-r /home/theld/code/git_repos/feedback_portal/admin/condaenv.5p3gxgh_.requirements.txt (line 8))
  Using cached smmap-5.0.2-py3-none-any.whl.metadata (4.3 kB)
Requirement already satisfied: platformdirs>=2.2.0 in /home/theld/miniconda3/envs/mini_conda_02/lib/python3.11/site-packages (from mkdocs-get-deps>=0.2.0->mkdocs->-r /home/theld/code/git_repos/feedback_portal/admin/condaenv.5p3gxgh_.requirements.txt (line 5)) (4.3.7)
Collecting griffe>=1.6.2 (from mkdocstrings-python>=1.16.2->mkdocstrings[python]->-r /home/theld/code/git_repos/feedback_portal/admin/condaenv.5p3gxgh_.requirements.txt (line 11))
  Using cached griffe-1.9.0-py3-none-any.whl.metadata (5.0 kB)
Collecting pynacl>=1.4.0 (from PyGithub>=1.43->mkdocs-git-committers-plugin->-r /home/theld/code/git_repos/feedback_portal/admin/condaenv.5p3gxgh_.requirements.txt (line 7))
  Using cached PyNaCl-1.5.0-cp36-abi3-manylinux_2_17_x86_64.manylinux2014_x86_64.manylinux_2_24_x86_64.whl.metadata (8.6 kB)
Collecting pyjwt>=2.4.0 (from pyjwt[crypto]>=2.4.0->PyGithub>=1.43->mkdocs-git-committers-plugin->-r /home/theld/code/git_repos/feedback_portal/admin/condaenv.5p3gxgh_.requirements.txt (line 7))
  Using cached PyJWT-2.10.1-py3-none-any.whl.metadata (4.0 kB)
Collecting Deprecated (from PyGithub>=1.43->mkdocs-git-committers-plugin->-r /home/theld/code/git_repos/feedback_portal/admin/condaenv.5p3gxgh_.requirements.txt (line 7))
  Using cached Deprecated-1.2.18-py2.py3-none-any.whl.metadata (5.7 kB)
Requirement already satisfied: cryptography>=3.4.0 in /home/theld/miniconda3/envs/mini_conda_02/lib/python3.11/site-packages (from pyjwt[crypto]>=2.4.0->PyGithub>=1.43->mkdocs-git-committers-plugin->-r /home/theld/code/git_repos/feedback_portal/admin/condaenv.5p3gxgh_.requirements.txt (line 7)) (45.0.5)
Requirement already satisfied: cffi>=1.14 in /home/theld/miniconda3/envs/mini_conda_02/lib/python3.11/site-packages (from cryptography>=3.4.0->pyjwt[crypto]>=2.4.0->PyGithub>=1.43->mkdocs-git-committers-plugin->-r /home/theld/code/git_repos/feedback_portal/admin/condaenv.5p3gxgh_.requirements.txt (line 7)) (1.17.1)
Requirement already satisfied: pycparser in /home/theld/miniconda3/envs/mini_conda_02/lib/python3.11/site-packages (from cffi>=1.14->cryptography>=3.4.0->pyjwt[crypto]>=2.4.0->PyGithub>=1.43->mkdocs-git-committers-plugin->-r /home/theld/code/git_repos/feedback_portal/admin/condaenv.5p3gxgh_.requirements.txt (line 7)) (2.21)
Requirement already satisfied: six>=1.5 in /home/theld/miniconda3/envs/mini_conda_02/lib/python3.11/site-packages (from python-dateutil>=2.8.1->ghp-import>=1.0->mkdocs->-r /home/theld/code/git_repos/feedback_portal/admin/condaenv.5p3gxgh_.requirements.txt (line 5)) (1.17.0)
Collecting validators>=0.21 (from WTForms-Components>=0.11.0->WTForms-Alchemy->-r /home/theld/code/git_repos/feedback_portal/admin/condaenv.5p3gxgh_.requirements.txt (line 16))
  Using cached validators-0.35.0-py3-none-any.whl.metadata (3.9 kB)
Requirement already satisfied: intervals>=0.6.0 in /home/theld/miniconda3/envs/mini_conda_02/lib/python3.11/site-packages (from WTForms-Components>=0.11.0->WTForms-Alchemy->-r /home/theld/code/git_repos/feedback_portal/admin/condaenv.5p3gxgh_.requirements.txt (line 16)) (0.9.2)
Requirement already satisfied: infinity>=0.1.3 in /home/theld/miniconda3/envs/mini_conda_02/lib/python3.11/site-packages (from intervals>=0.6.0->WTForms-Components>=0.11.0->WTForms-Alchemy->-r /home/theld/code/git_repos/feedback_portal/admin/condaenv.5p3gxgh_.requirements.txt (line 16)) (1.5)
Collecting wrapt<2,>=1.10 (from Deprecated->PyGithub>=1.43->mkdocs-git-committers-plugin->-r /home/theld/code/git_repos/feedback_portal/admin/condaenv.5p3gxgh_.requirements.txt (line 7))
  Using cached wrapt-1.17.2-cp311-cp311-manylinux_2_5_x86_64.manylinux1_x86_64.manylinux_2_17_x86_64.manylinux2014_x86_64.whl.metadata (6.4 kB)
Using cached file_read_backwards-3.2.0-py2.py3-none-any.whl (7.9 kB)
Using cached Flask_Migrate-4.1.0-py3-none-any.whl (21 kB)
Using cached flask_mail-0.10.0-py3-none-any.whl (8.5 kB)
Using cached geoalchemy2-0.18.0-py3-none-any.whl (81 kB)
Using cached mkdocs-1.6.1-py3-none-any.whl (3.9 MB)
Using cached mkdocs_gen_files-0.5.0-py3-none-any.whl (8.4 kB)
Using cached mkdocs_git_committers_plugin-0.2.3-py3-none-any.whl (4.3 kB)
Using cached mkdocs_git_revision_date_localized_plugin-1.4.7-py3-none-any.whl (25 kB)
Using cached mkdocs_literate_nav-0.6.2-py3-none-any.whl (13 kB)
Using cached mkdocs_material-9.6.16-py3-none-any.whl (9.2 MB)
Using cached backrefs-5.9-py311-none-any.whl (392 kB)
Using cached colorama-0.4.6-py2.py3-none-any.whl (25 kB)
Using cached markdown-3.8.2-py3-none-any.whl (106 kB)
Using cached mkdocs_material_extensions-1.3.1-py3-none-any.whl (8.7 kB)
Using cached paginate-0.5.7-py2.py3-none-any.whl (13 kB)
Using cached pymdown_extensions-10.16.1-py3-none-any.whl (266 kB)
Using cached mkdocstrings-0.30.0-py3-none-any.whl (36 kB)
Using cached pdoc-15.0.4-py3-none-any.whl (145 kB)
Using cached pytest-8.4.1-py3-none-any.whl (365 kB)
Using cached pluggy-1.6.0-py3-none-any.whl (20 kB)
Using cached pytest_asyncio-1.1.0-py3-none-any.whl (15 kB)
Using cached WTForms_Alchemy-0.19.0-py3-none-any.whl (18 kB)
Using cached email_validator-2.2.0-py3-none-any.whl (33 kB)
Using cached playwright-1.54.0-py3-none-manylinux1_x86_64.whl (45.9 MB)
Using cached pyee-13.0.0-py3-none-any.whl (15 kB)
Using cached pytest_playwright-0.7.0-py3-none-any.whl (16 kB)
Using cached pytest_base_url-2.1.0-py3-none-any.whl (5.3 kB)
Using cached python_slugify-8.0.4-py2.py3-none-any.whl (10 kB)
Using cached alembic-1.16.4-py3-none-any.whl (247 kB)
Using cached ghp_import-2.1.0-py3-none-any.whl (11 kB)
Using cached gitpython-3.1.45-py3-none-any.whl (208 kB)
Using cached gitdb-4.0.12-py3-none-any.whl (62 kB)
Using cached smmap-5.0.2-py3-none-any.whl (24 kB)
Using cached iniconfig-2.1.0-py3-none-any.whl (6.0 kB)
Using cached mergedeep-1.3.4-py3-none-any.whl (6.4 kB)
Using cached mkdocs_autorefs-1.4.2-py3-none-any.whl (24 kB)
Using cached mkdocs_get_deps-0.2.0-py3-none-any.whl (9.5 kB)
Using cached mkdocstrings_python-1.16.12-py3-none-any.whl (124 kB)
Using cached griffe-1.9.0-py3-none-any.whl (137 kB)
Using cached pathspec-0.12.1-py3-none-any.whl (31 kB)
Using cached PyGithub-2.6.1-py3-none-any.whl (410 kB)
Using cached PyJWT-2.10.1-py3-none-any.whl (22 kB)
Using cached PyNaCl-1.5.0-cp36-abi3-manylinux_2_17_x86_64.manylinux2014_x86_64.manylinux_2_24_x86_64.whl (856 kB)
Using cached pyyaml_env_tag-1.1-py3-none-any.whl (4.7 kB)
Using cached text_unidecode-1.3-py2.py3-none-any.whl (78 kB)
Using cached watchdog-6.0.0-py3-none-manylinux2014_x86_64.whl (79 kB)
Using cached WTForms_Components-0.11.0-py2.py3-none-any.whl (14 kB)
Using cached validators-0.35.0-py3-none-any.whl (44 kB)
Using cached Deprecated-1.2.18-py2.py3-none-any.whl (10.0 kB)
Using cached wrapt-1.17.2-cp311-cp311-manylinux_2_5_x86_64.manylinux1_x86_64.manylinux_2_17_x86_64.manylinux2014_x86_64.whl (83 kB)
Using cached mako-1.3.10-py3-none-any.whl (78 kB)
Installing collected packages: wget, text-unidecode, paginate, file-read-backwards, wrapt, watchdog, validators, smmap, pyyaml-env-tag, python-slugify, pyjwt, pyee, pluggy, pathspec, mkdocs-material-extensions, mergedeep, markdown, Mako, iniconfig, email_validator, colorama, backrefs, WTForms-Components, pytest, pynacl, pymdown-extensions, playwright, pdoc, mkdocs-get-deps, griffe, gitdb, ghp-import, geoalchemy2, Deprecated, alembic, WTForms-Alchemy, pytest-base-url, pytest-asyncio, mkdocs, gitpython, flask-mail, pytest-playwright, PyGithub, mkdocs-material, mkdocs-literate-nav, mkdocs-git-revision-date-localized-plugin, mkdocs-gen-files, mkdocs-autorefs, Flask-Migrate, mkdocstrings, mkdocs-git-committers-plugin, mkdocstrings-python
  Attempting uninstall: email_validator
    Found existing installation: email-validator 1.2.1
    Uninstalling email-validator-1.2.1:
      Successfully uninstalled email-validator-1.2.1

Successfully installed Deprecated-1.2.18 Flask-Migrate-4.1.0 Mako-1.3.10 PyGithub-2.6.1 WTForms-Alchemy-0.19.0 WTForms-Components-0.11.0 alembic-1.16.4 backrefs-5.9 colorama-0.4.6 email_validator-2.2.0 file-read-backwards-3.2.0 flask-mail-0.10.0 geoalchemy2-0.18.0 ghp-import-2.1.0 gitdb-4.0.12 gitpython-3.1.45 griffe-1.9.0 iniconfig-2.1.0 markdown-3.8.2 mergedeep-1.3.4 mkdocs-1.6.1 mkdocs-autorefs-1.4.2 mkdocs-gen-files-0.5.0 mkdocs-get-deps-0.2.0 mkdocs-git-committers-plugin-0.2.3 mkdocs-git-revision-date-localized-plugin-1.4.7 mkdocs-literate-nav-0.6.2 mkdocs-material-9.6.16 mkdocs-material-extensions-1.3.1 mkdocstrings-0.30.0 mkdocstrings-python-1.16.12 paginate-0.5.7 pathspec-0.12.1 pdoc-15.0.4 playwright-1.54.0 pluggy-1.6.0 pyee-13.0.0 pyjwt-2.10.1 pymdown-extensions-10.16.1 pynacl-1.5.0 pytest-8.4.1 pytest-asyncio-1.1.0 pytest-base-url-2.1.0 pytest-playwright-0.7.0 python-slugify-8.0.4 pyyaml-env-tag-1.1 smmap-5.0.2 text-unidecode-1.3 validators-0.35.0 watchdog-6.0.0 wget-3.2 wrapt-1.17.2

done
#
# To activate this environment, use
#
#     $ conda activate mini_conda_02
#
# To deactivate an active environment, use
#
#     $ conda deactivate

