2025-07-09 18:21:47,238 - INFO - Starting SQLite diagnostics - log file: sqlite_diagnostics_20250709_182147.log
2025-07-09 18:21:47,238 - INFO - SQLite Snapshot Detailed Analysis
2025-07-09 18:21:47,238 - INFO - ============================================================
2025-07-09 18:21:47,238 - INFO - File: database_snapshots/arb_snapshot_20250709_180106.sqlite
2025-07-09 18:21:47,238 - INFO - 
2025-07-09 18:21:47,250 - INFO - Size: 7.48 MB
2025-07-09 18:21:47,250 - INFO - Created: 2025-07-09 18:08:25
2025-07-09 18:21:47,250 - INFO - 
2025-07-09 18:21:47,250 - INFO - Tables (29 total):
2025-07-09 18:21:47,250 - INFO - ------------------------------------------------------------
2025-07-09 18:21:47,267 - INFO - air_district_contacts          | EMPTY           | 6 columns
2025-07-09 18:21:47,267 - INFO - 
2025-07-09 18:21:47,267 - INFO - air_districts                  | 35 rows         | 2 columns
2025-07-09 18:21:47,267 - INFO -     └─ dis                       | VARCHAR(5) (PK, NOT NULL)
2025-07-09 18:21:47,267 - INFO -     └─ disn                      | VARCHAR(100) (NOT NULL)
2025-07-09 18:21:47,267 - INFO - 
2025-07-09 18:21:47,267 - INFO - coabdis_geo83                  | EMPTY           | 21 columns
2025-07-09 18:21:47,267 - INFO - 
2025-07-09 18:21:47,267 - INFO - contact_group_mapping          | 597 rows        | 3 columns
2025-07-09 18:21:47,267 - INFO -     └─ id_contact_group          | INTEGER    (PK, NOT NULL)
2025-07-09 18:21:47,267 - INFO -     └─ id_contact                | INTEGER    (PK, NOT NULL)
2025-07-09 18:21:47,267 - INFO -     └─ comment                   | VARCHAR   
2025-07-09 18:21:47,267 - INFO - 
2025-07-09 18:21:47,267 - INFO - contact_groups                 | 447 rows        | 4 columns
2025-07-09 18:21:47,267 - INFO -     └─ id_contact_group          | INTEGER    (PK, NOT NULL)
2025-07-09 18:21:47,267 - INFO -     └─ contact_group_name        | VARCHAR   
2025-07-09 18:21:47,267 - INFO -     └─ id_operator               | INTEGER   
2025-07-09 18:21:47,267 - INFO -     └─ notes                     | VARCHAR   
2025-07-09 18:21:47,267 - INFO - 
2025-07-09 18:21:47,267 - INFO - email_types                    | 4 rows          | 2 columns
2025-07-09 18:21:47,267 - INFO -     └─ id_type                   | INTEGER    (PK, NOT NULL)
2025-07-09 18:21:47,267 - INFO -     └─ email_type                | VARCHAR    (NOT NULL)
2025-07-09 18:21:47,267 - INFO - 
2025-07-09 18:21:47,267 - INFO - emission_identified_flag       | 2 rows          | 2 columns
2025-07-09 18:21:47,267 - INFO -     └─ id_flag                   | INTEGER    (PK, NOT NULL)
2025-07-09 18:21:47,267 - INFO -     └─ description               | VARCHAR    (NOT NULL)
2025-07-09 18:21:47,267 - INFO - 
2025-07-09 18:21:47,267 - INFO - emission_identified_flags      | EMPTY           | 2 columns
2025-07-09 18:21:47,267 - INFO - 
2025-07-09 18:21:47,267 - INFO - emission_type                  | 5 rows          | 2 columns
2025-07-09 18:21:47,267 - INFO -     └─ id_type                   | INTEGER    (PK, NOT NULL)
2025-07-09 18:21:47,267 - INFO -     └─ description               | VARCHAR    (NOT NULL)
2025-07-09 18:21:47,267 - INFO - 
2025-07-09 18:21:47,267 - INFO - emission_types                 | EMPTY           | 2 columns
2025-07-09 18:21:47,267 - INFO - 
2025-07-09 18:21:47,267 - INFO - incidence_qa_flag              | 2 rows          | 2 columns
2025-07-09 18:21:47,267 - INFO -     └─ id_flag                   | INTEGER    (PK, NOT NULL)
2025-07-09 18:21:47,267 - INFO -     └─ description               | VARCHAR    (NOT NULL)
2025-07-09 18:21:47,267 - INFO - 
2025-07-09 18:21:47,267 - INFO - incidences                     | EMPTY           | 29 columns
2025-07-09 18:21:47,267 - INFO - 
2025-07-09 18:21:47,267 - INFO - inspection_flag                | 2 rows          | 2 columns
2025-07-09 18:21:47,267 - INFO -     └─ id_flag                   | INTEGER    (PK, NOT NULL)
2025-07-09 18:21:47,267 - INFO -     └─ description               | VARCHAR    (NOT NULL)
2025-07-09 18:21:47,267 - INFO - 
2025-07-09 18:21:47,267 - INFO - messages                       | EMPTY           | 2 columns
2025-07-09 18:21:47,267 - INFO - 
2025-07-09 18:21:47,267 - INFO - mitigation_type                | 3 rows          | 2 columns
2025-07-09 18:21:47,267 - INFO -     └─ id_type                   | INTEGER    (PK, NOT NULL)
2025-07-09 18:21:47,267 - INFO -     └─ description               | VARCHAR    (NOT NULL)
2025-07-09 18:21:47,267 - INFO - 
2025-07-09 18:21:47,267 - INFO - mitigation_types               | EMPTY           | 2 columns
2025-07-09 18:21:47,267 - INFO - 
2025-07-09 18:21:47,267 - INFO - operator_contacts              | 362 rows        | 6 columns
2025-07-09 18:21:47,267 - INFO -     └─ id_contact                | INTEGER    (PK, NOT NULL)
2025-07-09 18:21:47,267 - INFO -     └─ name                      | VARCHAR   
2025-07-09 18:21:47,267 - INFO -     └─ email                     | VARCHAR   
2025-07-09 18:21:47,267 - INFO -     └─ phone                     | VARCHAR   
2025-07-09 18:21:47,267 - INFO -     └─ contact_notes             | VARCHAR   
2025-07-09 18:21:47,267 - INFO -     └─ ... and 1 more columns
2025-07-09 18:21:47,267 - INFO - 
2025-07-09 18:21:47,267 - INFO - operators                      | 407 rows        | 4 columns
2025-07-09 18:21:47,267 - INFO -     └─ id_operator               | INTEGER    (PK, NOT NULL)
2025-07-09 18:21:47,267 - INFO -     └─ operator_name             | VARCHAR   
2025-07-09 18:21:47,267 - INFO -     └─ sector                    | VARCHAR   
2025-07-09 18:21:47,267 - INFO -     └─ operator_notes            | VARCHAR   
2025-07-09 18:21:47,267 - INFO - 
2025-07-09 18:21:47,267 - INFO - plume_qa_flag                  | 4 rows          | 2 columns
2025-07-09 18:21:47,267 - INFO -     └─ id_flag                   | INTEGER    (PK, NOT NULL)
2025-07-09 18:21:47,267 - INFO -     └─ description               | VARCHAR    (NOT NULL)
2025-07-09 18:21:47,267 - INFO - 
2025-07-09 18:21:47,267 - INFO - plume_updates                  | EMPTY           | 5 columns
2025-07-09 18:21:47,267 - INFO - 
2025-07-09 18:21:47,267 - INFO - plumes                         | EMPTY           | 29 columns
2025-07-09 18:21:47,267 - INFO - 
2025-07-09 18:21:47,267 - INFO - portal_updates                 | EMPTY           | 8 columns
2025-07-09 18:21:47,267 - INFO - 
2025-07-09 18:21:47,267 - INFO - scenes                         | EMPTY           | 50 columns
2025-07-09 18:21:47,267 - INFO - 
2025-07-09 18:21:47,267 - INFO - sources                        | EMPTY           | 14 columns
2025-07-09 18:21:47,267 - INFO - 
2025-07-09 18:21:47,267 - INFO - spatial_ref_sys                | 8,500 rows      | 5 columns
2025-07-09 18:21:47,267 - INFO -     └─ srid                      | INTEGER    (PK, NOT NULL)
2025-07-09 18:21:47,267 - INFO -     └─ auth_name                 | VARCHAR(256)
2025-07-09 18:21:47,267 - INFO -     └─ auth_srid                 | INTEGER   
2025-07-09 18:21:47,267 - INFO -     └─ srtext                    | VARCHAR(2048)
2025-07-09 18:21:47,267 - INFO -     └─ proj4text                 | VARCHAR(2048)
2025-07-09 18:21:47,267 - INFO - 
2025-07-09 18:21:47,267 - INFO - staging_contact_groups         | 251 rows        | 3 columns
2025-07-09 18:21:47,267 - INFO -     └─ contact_group_name        | TEXT      
2025-07-09 18:21:47,267 - INFO -     └─ operator_name             | TEXT      
2025-07-09 18:21:47,267 - INFO -     └─ notes                     | TEXT      
2025-07-09 18:21:47,267 - INFO - 
2025-07-09 18:21:47,267 - INFO - staging_contacts               | 286 rows        | 4 columns
2025-07-09 18:21:47,267 - INFO -     └─ name                      | TEXT      
2025-07-09 18:21:47,267 - INFO -     └─ email                     | TEXT      
2025-07-09 18:21:47,267 - INFO -     └─ phone                     | TEXT      
2025-07-09 18:21:47,267 - INFO -     └─ active                    | BIGINT    
2025-07-09 18:21:47,267 - INFO - 
2025-07-09 18:21:47,267 - INFO - staging_operators              | 212 rows        | 2 columns
2025-07-09 18:21:47,267 - INFO -     └─ operator_name             | TEXT      
2025-07-09 18:21:47,267 - INFO -     └─ sector                    | TEXT      
2025-07-09 18:21:47,267 - INFO - 
2025-07-09 18:21:47,267 - INFO - uploaded_files                 | EMPTY           | 6 columns
2025-07-09 18:21:47,267 - INFO - 
2025-07-09 18:21:47,267 - INFO - Data Integrity Summary:
2025-07-09 18:21:47,267 - INFO - ------------------------------------------------------------
2025-07-09 18:21:47,267 - INFO - Tables with data: 16
2025-07-09 18:21:47,267 - INFO - Empty tables: 13
2025-07-09 18:21:47,267 - INFO - Large tables (>10K): 0
2025-07-09 18:21:47,267 - INFO - Empty Tables (13):
2025-07-09 18:21:47,267 - INFO -    - coabdis_geo83
2025-07-09 18:21:47,267 - INFO -    - uploaded_files
2025-07-09 18:21:47,267 - INFO -    - plume_updates
2025-07-09 18:21:47,267 - INFO -    - emission_identified_flags
2025-07-09 18:21:47,267 - INFO -    - emission_types
2025-07-09 18:21:47,267 - INFO -    - mitigation_types
2025-07-09 18:21:47,267 - INFO -    - air_district_contacts
2025-07-09 18:21:47,267 - INFO -    - portal_updates
2025-07-09 18:21:47,267 - INFO -    - scenes
2025-07-09 18:21:47,267 - INFO -    - incidences
2025-07-09 18:21:47,267 - INFO -    - sources
2025-07-09 18:21:47,267 - INFO -    - plumes
2025-07-09 18:21:47,267 - INFO -    - messages
2025-07-09 18:21:47,267 - INFO - No conversion issues detected!
2025-07-09 18:21:47,267 - INFO - Recommendations:
2025-07-09 18:21:47,267 - INFO -    - Found 13 empty tables: coabdis_geo83, uploaded_files, plume_updates, emission_identified_flags, emission_types...
2025-07-09 18:21:47,267 - INFO -    - Use this SQLite file for local development and testing
2025-07-09 18:21:47,267 - INFO -    - Remember that some PostgreSQL features (PostGIS, sequences) are not available in SQLite
2025-07-09 18:21:47,267 - INFO - SQLite diagnostics completed
